
> tools_project@0.1.0 build
> next build

▲ Next.js 16.2.0 (Turbopack)
- Environments: .env.local

  Creating an optimized production build ...
✓ Compiled successfully in 61s
  Running TypeScript ...
  Finished TypeScript in 49s ...
  Collecting page data using 3 workers ...
  Generating static pages using 3 workers (0/442) ...
Couldn't load fs
Couldn't load zlib
  Generating static pages using 3 workers (110/442) 
  Generating static pages using 3 workers (220/442) 
  Generating static pages using 3 workers (331/442) 
Couldn't load fs
Couldn't load zlib
✓ Generating static pages using 3 workers (442/442) in 23.9s
  Finalizing page optimization ...

Route (app)                                                                     Revalidate  Expire
┌ ○ /                                                                                  30m      1y
├ ○ /_not-found
├ ○ /about
├ ○ /admin                                                                              1h      1y
├ ƒ /admin/categories
├ ƒ /admin/categories/[slug]/edit
├ ○ /admin/categories/new                                                               1h      1y
├ ƒ /admin/comparisons
├ ƒ /admin/pages
├ ƒ /admin/pages/[slug]/edit
├ ○ /admin/pages/new                                                                    1h      1y
├ ƒ /admin/review
├ ƒ /admin/tools
├ ƒ /admin/tools/[slug]/edit
├ ○ /admin/tools/new                                                                    1h      1y
├ ○ /ai                                                                                12h      1y
├ ○ /ai/ai-humanizer                                                                   12h      1y
├ ○ /alternatives-to-[slug]                                                             1h      1y
├ ƒ /api/carousel-generate
├ ƒ /api/dns-lookup
├ ƒ /api/fx-quote
├ ƒ /api/html-to-pdf
├ ƒ /api/humanize
├ ƒ /api/image-format-convert
├ ƒ /api/json-source
├ ƒ /api/website-palette
├ ƒ /api/website-screenshot
├ ● /best/[category]
├ ● /best/[category]/for/[audience]
├ ○ /blog/how-to-convert-text-to-binary
├ ● /compare/[slug]
├ ○ /construction/brick-block-quantity-calculator                                      12h      1y
├ ○ /construction/concrete-volume-calculator
├ ○ /construction/fence-material-calculator                                            12h      1y
├ ○ /construction/flooring-material-calculator
├ ○ /construction/gravel-mulch-volume-calculator                                       12h      1y
├ ○ /construction/paint-coverage-calculator
├ ○ /construction/roofing-material-calculator
├ ○ /construction/room-area-calculator                                                 12h      1y
├ ○ /construction/staircase-calculator                                                 12h      1y
├ ○ /construction/wallpaper-calculator                                                 12h      1y
├ ○ /contact
├ ○ /converter                                                                         12h      1y
├ ● /converter/[slug]
│ ├ /converter/convert-url-encoder
│ ├ /converter/convert-url-decoder
│ ├ /converter/convert-html-encoder
│ └ [+48 more paths]
├ ○ /finance                                                                           12h      1y
├ ○ /finance/budget-planner                                                            12h      1y
├ ○ /finance/car-loan-calculator                                                       12h      1y
├ ○ /finance/churn-rate-calculator                                                     12h      1y
├ ○ /finance/click-through-rate-calculator                                             12h      1y
├ ○ /finance/compound-interest-calculator                                              12h      1y
├ ○ /finance/cpc-cpm-calculator                                                        12h      1y
├ ○ /finance/credit-card-payoff-calculator                                             12h      1y
├ ○ /finance/customer-lifetime-value-calculator                                        12h      1y
├ ○ /finance/discount-calculator                                                       12h      1y
├ ○ /finance/dti-calculator                                                            12h      1y
├ ○ /finance/emi-calculator                                                            12h      1y
├ ○ /finance/employee-cost-calculator                                                  12h      1y
├ ○ /finance/foreign-exchange-fee-calculator                                           12h      1y
├ ○ /finance/freelancer-rate-calculator                                                12h      1y
├ ○ /finance/gst-calculator                                                            12h      1y
├ ○ /finance/invoice-generator                                                         12h      1y
├ ○ /finance/loan-payoff-calculator                                                    12h      1y
├ ○ /finance/london-business-startup-cost-calculator                                   12h      1y
├ ○ /finance/mortgage-calculator                                                       12h      1y
├ ○ /finance/net-worth-calculator                                                      12h      1y
├ ○ /finance/new-york-business-startup-cost-calculator                                 12h      1y
├ ○ /finance/payroll-tax-calculator                                                    12h      1y
├ ○ /finance/percentage-calculator                                                     12h      1y
├ ○ /finance/profit-margin-calculator                                                  12h      1y
├ ○ /finance/roi-calculator                                                            12h      1y
├ ○ /finance/salary-calculator                                                         12h      1y
├ ○ /finance/salary-to-hourly-calculator                                               12h      1y
├ ○ /finance/savings-goal-calculator                                                   12h      1y
├ ○ /finance/uae-gratuity-calculator                                                   12h      1y
├ ○ /finance/uae-salary-calculator                                                     12h      1y
├ ○ /finance/uae-visa-cost-calculator                                                  12h      1y
├ ○ /finance/vat-calculator                                                            12h      1y
├ ○ /health                                                                            12h      1y
├ ○ /health/age-grading-calculator                                                     12h      1y
├ ○ /health/blood-pressure-calculator                                                  12h      1y
├ ○ /health/bmr-calculator                                                             12h      1y
├ ○ /health/body-fat-calculator                                                        12h      1y
├ ○ /health/caffeine-calculator                                                        12h      1y
├ ○ /health/calorie-calculator                                                         12h      1y
├ ○ /health/calories-burned-calculator                                                 12h      1y
├ ○ /health/cycling-power-calculator                                                   12h      1y
├ ○ /health/glucose-converter                                                          12h      1y
├ ○ /health/golf-handicap-calculator                                                   12h      1y
├ ○ /health/ideal-weight-calculator                                                    12h      1y
├ ○ /health/intermittent-fasting-calculator                                            12h      1y
├ ○ /health/macro-calculator                                                           12h      1y
├ ○ /health/marathon-predictor-calculator                                              12h      1y
├ ○ /health/one-rep-max-calculator                                                     12h      1y
├ ○ /health/ovulation-calculator                                                       12h      1y
├ ○ /health/pregnancy-due-date-calculator                                              12h      1y
├ ○ /health/running-pace-calculator                                                    12h      1y
├ ○ /health/sleep-calculator                                                           12h      1y
├ ○ /health/swim-pace-calculator                                                       12h      1y
├ ○ /health/vo2-max-calculator                                                         12h      1y
├ ○ /health/waist-to-hip-calculator                                                    12h      1y
├ ○ /health/water-intake-calculator                                                    12h      1y
├ ○ /image                                                                             12h      1y
├ ● /image/[slug]
│ ├ /image/ai-background-remover                                                       12h      1y
│ ├ /image/random-color-generator
│ ├ /image/convert-image-to-base64
│ └ [+41 more paths]
├ ○ /image/ai-background-remover                                                       12h      1y
├ ● /p/[slug]
├ ○ /pdf                                                                               12h      1y
├ ● /pdf/[slug]
│ ├ /pdf/merge-pdf
│ ├ /pdf/split-pdf
│ ├ /pdf/remove-pages
│ └ [+17 more paths]
├ ○ /privacy
├ ○ /real-estate                                                                       12h      1y
├ ○ /real-estate/cap-rate-calculator                                                   12h      1y
├ ○ /real-estate/closing-costs-calculator                                              12h      1y
├ ○ /real-estate/down-payment-calculator                                               12h      1y
├ ○ /real-estate/dubai-mortgage-registration-calculator                                12h      1y
├ ○ /real-estate/dubai-property-transfer-fee-calculator                                12h      1y
├ ○ /real-estate/dubai-service-charge-calculator                                       12h      1y
├ ○ /real-estate/home-buying-budget-calculator                                         12h      1y
├ ○ /real-estate/hong-kong-stamp-duty-calculator                                       12h      1y
├ ○ /real-estate/lease-escalation-calculator                                           12h      1y
├ ○ /real-estate/mortgage-refinance-calculator                                         12h      1y
├ ○ /real-estate/nyc-transfer-tax-calculator                                           12h      1y
├ ○ /real-estate/price-per-square-foot-calculator                                      12h      1y
├ ○ /real-estate/property-management-fee-calculator                                    12h      1y
├ ○ /real-estate/rent-affordability-calculator                                         12h      1y
├ ○ /real-estate/rent-vs-buy-calculator                                                12h      1y
├ ○ /real-estate/rental-cash-flow-calculator                                           12h      1y
├ ○ /real-estate/rental-yield-calculator                                               12h      1y
├ ○ /real-estate/scotland-lbtt-calculator                                              12h      1y
├ ○ /real-estate/security-deposit-calculator                                           12h      1y
├ ○ /real-estate/singapore-buyers-stamp-duty-calculator                                12h      1y
├ ○ /real-estate/singapore-property-stamp-duty-calculator                              12h      1y
├ ○ /real-estate/singapore-sellers-stamp-duty-calculator                               12h      1y
├ ○ /real-estate/stamp-duty-calculator                                                 12h      1y
├ ○ /real-estate/uk-stamp-duty-calculator                                              12h      1y
├ ○ /real-estate/wales-ltt-calculator                                                  12h      1y
├ ○ /robots.txt
├ ○ /sitemap                                                                            4h      1y
├ ○ /sitemap.xml                                                                        1h      1y
├ ○ /sport/football-lineup-builder
├ ○ /tailwind                                                                          12h      1y
├ ● /tailwind/[slug]
│ ├ /tailwind/colors
│ ├ /tailwind/gradient-generator
│ ├ /tailwind/shadow-generator
│ └ [+6 more paths]
├ ○ /terms
├ ○ /text                                                                              12h      1y
├ ● /text/[slug]                                                                       12h      1y
│ ├ /text/trim-text-lines                                                              12h      1y
│ ├ /text/empty-line-remover                                                           12h      1y
│ ├ /text/extra-whitespaces-remover                                                    12h      1y
│ └ [+119 more paths]
├ ○ /text/ascii-art-generator                                                          12h      1y
├ ○ /text/binary-code-translator                                                       12h      1y
├ ○ /text/case-converter                                                               12h      1y
├ ○ /text/character-counter                                                            12h      1y
├ ○ /text/convert-image-to-text                                                        12h      1y
├ ○ /text/duplicate-word-finder                                                        12h      1y
├ ○ /text/em-dash-remover                                                              12h      1y
├ ○ /text/morse-code-translator                                                        12h      1y
├ ○ /text/remove-duplicate-lines                                                       12h      1y
├ ○ /text/reverse-text-generator                                                       12h      1y
├ ○ /text/strikethrough-text                                                           12h      1y
├ ○ /text/text-difference-checker                                                      12h      1y
├ ○ /text/voice-dictation                                                              12h      1y
├ ○ /text/word-cloud-generator                                                         12h      1y
├ ○ /text/word-frequency                                                               12h      1y
├ ○ /tools                                                                             30m      1y
├ ○ /tools-for-[usecase]                                                                1h      1y
├ ● /tools/[slug]
├ ○ /utility                                                                           12h      1y
├ ● /utility/[slug]
│ ├ /utility/json-prettifier
│ ├ /utility/json-minifier
│ ├ /utility/json-validator
│ └ [+16 more paths]
├ ○ /utility/age-calculator                                                            12h      1y
├ ○ /utility/barcode-generator                                                         12h      1y
├ ○ /utility/barcode-scanner                                                           12h      1y
├ ○ /utility/bmi-calculator                                                            12h      1y
├ ○ /utility/dns-checker                                                               12h      1y
├ ○ /utility/free-cv-resume-builder                                                    12h      1y
├ ○ /utility/free-social-media-carousel-builder
├ ● /utility/free-social-media-carousel-builder/[niche]
│ ├ /utility/free-social-media-carousel-builder/instagram-carousel-maker
│ ├ /utility/free-social-media-carousel-builder/linkedin-carousel-generator
│ ├ /utility/free-social-media-carousel-builder/real-estate-carousel-templates
│ └ [+7 more paths]
├ ƒ /utility/free-social-media-carousel-builder/api/carousel-generate
├ ○ /utility/jwt-decoder                                                               12h      1y
├ ○ /utility/logarithm-calculator                                                      12h      1y
├ ○ /utility/meta-tags-generator                                                       12h      1y
├ ○ /utility/pomodoro-timer                                                            12h      1y
├ ○ /utility/probability-calculator                                                    12h      1y
├ ○ /utility/qr-code-generator                                                         12h      1y
├ ○ /utility/qr-code-scanner                                                           12h      1y
├ ○ /utility/quadratic-equation-solver                                                 12h      1y
├ ○ /utility/robots-txt-generator                                                      12h      1y
├ ○ /utility/scientific-calculator                                                     12h      1y
├ ○ /utility/sitemap-generator                                                         12h      1y
├ ○ /utility/statistics-calculator                                                     12h      1y
├ ○ /utility/tip-calculator                                                            12h      1y
├ ○ /utility/utm-link-builder                                                          12h      1y
└ ○ /utility/xg-expected-goals-calculator                                              12h      1y


ƒ Proxy (Middleware)

○  (Static)   prerendered as static content
●  (SSG)      prerendered as static HTML (uses generateStaticParams)
ƒ  (Dynamic)  server-rendered on demand

